#
# There is insufficient memory for the Java Runtime Environment to continue.
# Native memory allocation (mmap) failed to map 264241152 bytes for G1 virtual space
# Possible reasons:
#   The system is out of physical RAM or swap space
#   The process is running with CompressedOops enabled, and the Java Heap may be blocking the growth of the native heap
# Possible solutions:
#   Reduce memory load on the system
#   Increase physical memory or swap space
#   Check if swap backing store is full
#   Decrease Java heap size (-Xmx/-Xms)
#   Decrease number of Java threads
#   Decrease Java thread stack sizes (-Xss)
#   Set larger code cache with -XX:ReservedCodeCacheSize=
#   JVM is running with Zero Based Compressed Oops mode in which the Java heap is
#     placed in the first 32GB address space. The Java Heap base address is the
#     maximum limit for the native heap growth. Please use -XX:HeapBaseMinAddress
#     to set the Java Heap base and to place the Java Heap above 32GB virtual address.
# This output file may be truncated or incomplete.
#
#  Out of Memory Error (os_windows.cpp:3550), pid=122784, tid=122648
#
# JRE version:  (17.0.6+9) (build )
# Java VM: Java HotSpot(TM) 64-Bit Server VM (17.0.6+9-LTS-190, mixed mode, sharing, tiered, compressed oops, compressed class ptrs, g1 gc, windows-amd64)
# No core dump will be written. Minidumps are not enabled by default on client versions of Windows
#

---------------  S U M M A R Y ------------

Command Line: -Dorg.gradle.appname=gradlew org.gradle.wrapper.GradleWrapperMain -q -Ptarget-platform=android-x86 -Ptarget=C:\Users\nihel\OneDrive\Bureau\MBA 1\VivaTech\Vivatech-Front\lib\main.dart -Pbase-application-name=android.app.Application -Pdart-defines=Zmx1dHRlci5pbnNwZWN0b3Iuc3RydWN0dXJlZEVycm9ycz10cnVl,RkxVVFRFUl9XRUJfQVVUT19ERVRFQ1Q9dHJ1ZQ== -Pdart-obfuscation=false -Ptrack-widget-creation=true -Ptree-shake-icons=false -Pfilesystem-scheme=org-dartlang-root assembleDebug

Host: 11th Gen Intel(R) Core(TM) i7-1165G7 @ 2.80GHz, 8 cores, 15G,  Windows 10 , 64 bit Build 19041 (10.0.19041.2788)
Time: Thu May 11 12:30:10 2023 Paris, Madrid (heure duild 19041 (10.0.19041.2788) elapsed time: 0.086264 seconds (0d 0h 0m 0s)

---------------  T H R E A D  ---------------

Current thread (0x0000025be29a4220):  JavaThread "Unknown thread" [_thread_in_vm, id=122648, stack(0x000000b836400000,0x000000b836500000)]

Stack: [0x000000b836400000,0x000000b836500000]
Native frames: (J=compiled Java code, j=interpreted, Vv=VM code, C=native code)
V  [jvm.dll+0x6734ea]
V  [jvm.dll+0x7d18f4]
V  [jvm.dll+0x7d309e]
V  [jvm.dll+0x7d3703]
V  [jvm.dll+0x2433c5]
V  [jvm.dll+0x6703f9]
V  [jvm.dll+0x664d32]
V  [jvm.dll+0x300086]
V  [jvm.dll+0x307606]
V  [jvm.dll+0x356c1e]
V  [jvm.dll+0x356e4f]
V  [jvm.dll+0x2d72e8]
V  [jvm.dll+0x2d8254]
V  [jvm.dll+0x7a33b1]
V  [jvm.dll+0x3647f1]
V  [jvm.dll+0x782839]
V  [jvm.dll+0x3e757f]
V  [jvm.dll+0x3e9001]
C  [jli.dll+0x5297]
C  [ucrtbase.dll+0x21bb2]
C  [KERNEL32.DLL+0x17604]
C  [ntdll.dll+0x526a1]


---------------  P R O C E S S  ---------------

Threads class SMR info:
_java_thread_list=0x00007fff04d3e958, length=0, elements={
}

Java Threads: ( => current thread )

Other Threads:
  0x0000025be2a0b7d0 GCTaskThread "GC Thread#0" [stack: 0x000000b836500000,0x000000b836600000] [id=117632]
  0x0000025be2a1ea10 ConcurrentGCThread "G1 Main Marker" [stack: 0x000000b836600000,0x000000b836700000] [id=122520]
  0x0000025be2a1f420 ConcurrentGCThread "G1 Conc#0" [stack: 0x000000b836700000,0x000000b836800000] [id=123096]

[error occurred during error reporting (printing all threads), id 0xc0000005, EXCEPTION_ACCESS_VIOLATION (0xc0000005) at pc=0x00007fff04577f07]

VM state: not at safepoint (not fully initialized)

VM Mutex/Monitor currently owned by a thread:  ([mutex/lock_event])
[0x0000025be29a2b10] Heap_lock - owner thread: 0x0000025be29a4220

Heap address: 0x0000000704c00000, size: 4020 MB, Compressed Oops mode: Zero based, Oop shift amount: 3

CDS archive(s) mapped at: [0x0000000000000000-0x0000000000000000-0x0000000000000000), size 0, SharedBaseAddress: 0x0000000800000000, ArchiveRelocationMode: 0.
Narrow klass base: 0x0000000000000000, Narrow klass shift: 0, Narrow klass range: 0x0

GC Precious Log:
<Empty>

Heap:
 garbage-first heap   total 0K, used 0K [0x0000000704c00000, 0x0000000800000000)
  region size 2048K, 0 young (0K), 0 survivors (0K)

[error occurred during error reporting (printing heap information), id 0xc0000005, EXCEPTION_ACCESS_VIOLATION (0xc0000005) at pc=0x00007fff0495c759]

GC Heap History (0 events):
No events

Deoptimization events (0 events):
No events

Classes unloaded (0 events):
No events

Classes redefined (0 events):
No events

Internal exceptions (0 events):
No events

VM Operations (0 events):
No events

Events (1 events):
Event: 0.038 Loaded shared library C:\Program Files\Java\jdk-17\bin\java.dll


Dynamic libraries:
0x00007ff697820000 - 0x00007ff697830000 	C:\Program Files\Java\jdk-17\bin\java.exe
0x00007fffa97d0000 - 0x00007fffa99c8000 	C:\Windows\SYSTEM32\ntdll.dll
0x00007fffa96d0000 - 0x00007fffa978f000 	C:\Windows\System32\KERNEL32.DLL
0x00007fffa7450000 - 0x00007fffa772a000 	C:\Windows\System32\KERNELBASE.dll
0x00007fffa7730000 - 0x00007fffa7830000 	C:\Windows\System32\ucrtbase.dll
0x00007fff76910000 - 0x00007fff76928000 	C:\Program Files\Java\jdk-17\bin\jli.dll
0x00007fff76860000 - 0x00007fff7687b000 	C:\Program Files\Java\jdk-17\bin\VCRUNTIME140.dll
0x00007fffa7b90000 - 0x00007fffa7c3e000 	C:\Windows\System32\ADVAPI32.dll
0x00007fffa7c40000 - 0x00007fffa7cde000 	C:\Windows\System32\msvcrt.dll
0x00007fffa7ad0000 - 0x00007fffa7b6c000 	C:\Windows\System32\sechost.dll
0x00007fffa8a40000 - 0x00007fffa8b66000 	C:\Windows\System32\RPCRT4.dll
0x00007fffa8890000 - 0x00007fffa8a2d000 	C:\Windows\System32\USER32.dll
0x00007fffa72c0000 - 0x00007fffa72e2000 	C:\Windows\System32\win32u.dll
0x00007fffa7890000 - 0x00007fffa78bb000 	C:\Windows\System32\GDI32.dll
0x00007fffa72f0000 - 0x00007fffa7400000 	C:\Windows\System32\gdi32full.dll
0x00007fff99b90000 - 0x00007fff99e2a000 	C:\Windows\WinSxS\amd64_microsoft.windows.common-controls_6595b64144ccf1df_6.0.19041.1110_none_60b5254171f9507e\COMCTL32.dll
0x00007fffa6ee0000 - 0x00007fffa6f7d000 	C:\Windows\System32\msvcp_win.dll
0x00007fff9d9c0000 - 0x00007fff9d9ca000 	C:\Windows\SYSTEM32\VERSION.dll
0x00007fffa8030000 - 0x00007fffa8060000 	C:\Windows\System32\IMM32.DLL
0x00007fff9dad0000 - 0x00007fff9dadc000 	C:\Program Files\Java\jdk-17\bin\vcruntime140_1.dll
0x00007fff5f2b0000 - 0x00007fff5f33e000 	C:\Program Files\Java\jdk-17\bin\msvcp140.dll
0x00007fff04290000 - 0x00007fff04e67000 	C:\Program Files\Java\jdk-17\bin\server\jvm.dll
0x00007fffa8a30000 - 0x00007fffa8a38000 	C:\Windows\System32\PSAPI.DLL
0x00007fff98f40000 - 0x00007fff98f67000 	C:\Windows\SYSTEM32\WINMM.dll
0x00007fff86cb0000 - 0x00007fff86cb9000 	C:\Windows\SYSTEM32\WSOCK32.dll
0x00007fffa7fc0000 - 0x00007fffa802b000 	C:\Windows\System32\WS2_32.dll
0x00007fffa56f0000 - 0x00007fffa5702000 	C:\Windows\SYSTEM32\kernel.appcore.dll
0x00007fff9c4b0000 - 0x00007fff9c4ba000 	C:\Program Files\Java\jdk-17\bin\jimage.dll
0x00007fffa4d30000 - 0x00007fffa4f14000 	C:\Windows\SYSTEM32\DBGHELP.DLL
0x00007fff9c390000 - 0x00007fff9c3c4000 	C:\Windows\SYSTEM32\dbgcore.DLL
0x00007fffa7200000 - 0x00007fffa7282000 	C:\Windows\System32\bcryptPrimitives.dll
0x00007fff71430000 - 0x00007fff71455000 	C:\Program Files\Java\jdk-17\bin\java.dll

dbghelp: loaded successfully - version: 4.0.5 - missing functions: none
symbol engine: initialized successfully - sym options: 0x614 - pdb path: .;C:\Program Files\Java\jdk-17\bin;C:\Windows\SYSTEM32;C:\Windows\WinSxS\amd64_microsoft.windows.common-controls_6595b64144ccf1df_6.0.19041.1110_none_60b5254171f9507e;C:\Program Files\Java\jdk-17\bin\server

VM Arguments:
jvm_args: -Dorg.gradle.appname=gradlew 
java_command: org.gradle.wrapper.GradleWrapperMain -q -Ptarget-platform=android-x86 -Ptarget=C:\Users\nihel\OneDrive\Bureau\MBA 1\VivaTech\Vivatech-Front\lib\main.dart -Pbase-application-name=android.app.Application -Pdart-defines=Zmx1dHRlci5pbnNwZWN0b3Iuc3RydWN0dXJlZEVycm9ycz10cnVl,RkxVVFRFUl9XRUJfQVVUT19ERVRFQ1Q9dHJ1ZQ== -Pdart-obfuscation=false -Ptrack-widget-creation=true -Ptree-shake-icons=false -Pfilesystem-scheme=org-dartlang-root assembleDebug
java_class_path (initial): C:\Users\nihel\OneDrive\Bureau\MBA 1\VivaTech\Vivatech-Front\android\\gradle\wrapper\gradle-wrapper.jar
Launcher Type: SUN_STANDARD

[Global flags]
     intx CICompilerCount                          = 4                                         {product} {ergonomic}
     uint ConcGCThreads                            = 2                                         {product} {ergonomic}
     uint G1ConcRefinementThreads                  = 8                                         {product} {ergonomic}
   size_t G1HeapRegionSize                         = 2097152                                   {product} {ergonomic}
    uintx GCDrainStackTargetSize                   = 64                                        {product} {ergonomic}
   size_t InitialHeapSize                          = 264241152                                 {product} {ergonomic}
   size_t MarkStackSize                            = 4194304                                   {product} {ergonomic}
   size_t MaxHeapSize                              = 4215275520                                {product} {ergonomic}
   size_t MinHeapDeltaBytes                        = 2097152                                   {product} {ergonomic}
   size_t MinHeapSize                              = 8388608                                   {product} {ergonomic}
    uintx NonNMethodCodeHeapSize                   = 5839372                                {pd product} {ergonomic}
    uintx NonProfiledCodeHeapSize                  = 122909434                              {pd product} {ergonomic}
    uintx ProfiledCodeHeapSize                     = 122909434                              {pd product} {ergonomic}
    uintx ReservedCodeCacheSize                    = 251658240                              {pd product} {ergonomic}
     bool SegmentedCodeCache                       = true                                      {product} {ergonomic}
   size_t SoftMaxHeapSize                          = 4215275520                             {manageable} {ergonomic}
     bool UseCompressedClassPointers               = true                           {product lp64_product} {ergonomic}
     bool UseCompressedOops                        = true                           {product lp64_product} {ergonomic}
     bool UseG1GC                                  = true                                      {product} {ergonomic}
     bool UseLargePagesIndividualAllocation        = false                                  {pd product} {ergonomic}

Logging:
Log output configuration:
 #0: stdout all=warning uptime,level,tags
 #1: stderr all=off uptime,level,tags

Environment Variables:
JAVA_HOME=C:\Program Files\Java\jdk-17
CLASSPATH=C:\Users\nihel\OneDrive\Bureau\MBA 1\VivaTech\Vivatech-Front\android\\gradle\wrapper\gradle-wrapper.jar
PATH=C:\Program Files\Common Files\Oracle\Java\javapath;C:\Windows\system32;C:\Windows;C:\Windows\System32\Wbem;C:\Windows\System32\WindowsPowerShell\v1.0\;C:\Windows\System32\OpenSSH\;C:\Program Files\Git\cmd;C:\composer;C:\ProgramData\chocolatey\bin;C:\Program Files\nodejs\;C:\Users\nihel\Downloads\apache-maven-3.8.6-bin\apache-maven-3.8.6\bin;C:\Program Files\Java\jdk-17;C:\Program Files (x86)\dotnet\;C:\Program Files\Docker\Docker\resources\bin;C:\Program Files\MySQL\MySQL Shell 8.0\bin\;C:\Users\nihel\AppData\Local\Microsoft\WindowsApps;C:\Users\nihel\AppData\Roaming\Composer\vendor\bin;C:\Users\nihel\AppData\Roaming\npm;C:\Users\nihel\AppData\Local\Programs\Microsoft VS Code\bin;C:\Users\nihel\Downloads\apache-maven-3.8.6-bin\bin;C:\Users\nihel\Downloads\apache-maven-3.8.6-bin\apache-maven-3.8.6\bin;C:\Users\nihel\AppData\Local\Packages\PythonSoftwareFoundation.Python.3.10_qbz5n2kfra8p0\LocalCache\local-packages\Python310\Scripts;C:\src\flutter\flutter\bin;C:\Program Files\JetBrains\IntelliJ IDEA 2023.1\bin;;;C:\src\flutter\flutter\bin\mingit\cmd
USERNAME=nihel
OS=Windows_NT
PROCESSOR_IDENTIFIER=Intel64 Family 6 Model 140 Stepping 1, GenuineIntel



---------------  S Y S T E M  ---------------

OS:
 Windows 10 , 64 bit Build 19041 (10.0.19041.2788)
OS uptime: 14 days 0:01 hours
Hyper-V role detected

CPU: total 8 (initial active 8) (4 cores per cpu, 2 threads per core) family 6 model 140 stepping 1 microcode 0x9a, cx8, cmov, fxsr, ht, mmx, 3dnowpref, sse, sse2, sse3, ssse3, sse4.1, sse4.2, popcnt, lzcnt, tsc, tscinvbit, avx, avx2, aes, erms, clmul, bmi1, bmi2, adx, avx512f, avx512dq, avx512cd, avx512bw, avx512vl, sha, fma, vzeroupper, avx512_vpopcntdq, avx512_vpclmulqdq, avx512_vaes, avx512_vnni, clflush, clflushopt, clwb, avx512_vbmi2, avx512_vbmi, hv

Memory: 4k page, system-wide physical 16075M (150M free)
TotalPageFile size 65227M (AvailPageFile size 58M)
current process WorkingSet (physical memory assigned to process): 10M, peak: 10M
current process commit charge ("private bytes"): 60M, peak: 312M

vm_info: Java HotSpot(TM) 64-Bit Server VM (17.0.6+9-LTS-190) for windows-amd64 JRE (17.0.6+9-LTS-190), built on Dec  6 2022 15:53:54 by "mach5one" with MS VC++ 17.1 (VS2022)

END.
